Using pre-set license
Built from '2021.3/staging' branch; Version is '2021.3.11f1 (0a5ca18544bf) revision 679073'; Using compiler version '192829333'; Build Type 'Release'
OS: 'Windows 10  (10.0.19043) 64bit Professional' Language: 'en' Physical Memory: 16314 MB
BatchMode: 1, IsHumanControllingUs: 0, StartBugReporterOnCrash: 0, Is64bit: 1, IsPro: 1

COMMAND LINE ARGUMENTS:
C:\Program Files\Unity\Hub\Editor\2021.3.11f1\Editor\Unity.exe
-adb2
-batchMode
-noUpm
-name
AssetImportWorker5
-projectPath
C:/Users/Yngve/Documents/GitHub/unity-game/TPD4168 Spilldesign Game
-logFile
Logs/AssetImportWorker5.log
-srvPort
58953
Successfully changed project path to: C:/Users/Yngve/Documents/GitHub/unity-game/TPD4168 Spilldesign Game
C:/Users/Yngve/Documents/GitHub/unity-game/TPD4168 Spilldesign Game
[UnityMemory] Configuration Parameters - Can be set up in boot.config
    "memorysetup-bucket-allocator-granularity=16"
    "memorysetup-bucket-allocator-bucket-count=8"
    "memorysetup-bucket-allocator-block-size=33554432"
    "memorysetup-bucket-allocator-block-count=8"
    "memorysetup-main-allocator-block-size=16777216"
    "memorysetup-thread-allocator-block-size=16777216"
    "memorysetup-gfx-main-allocator-block-size=16777216"
    "memorysetup-gfx-thread-allocator-block-size=16777216"
    "memorysetup-cache-allocator-block-size=4194304"
    "memorysetup-typetree-allocator-block-size=2097152"
    "memorysetup-profiler-bucket-allocator-granularity=16"
    "memorysetup-profiler-bucket-allocator-bucket-count=8"
    "memorysetup-profiler-bucket-allocator-block-size=33554432"
    "memorysetup-profiler-bucket-allocator-block-count=8"
    "memorysetup-profiler-allocator-block-size=16777216"
    "memorysetup-profiler-editor-allocator-block-size=1048576"
    "memorysetup-temp-allocator-size-main=16777216"
    "memorysetup-job-temp-allocator-block-size=2097152"
    "memorysetup-job-temp-allocator-block-size-background=1048576"
    "memorysetup-job-temp-allocator-reduction-small-platforms=262144"
    "memorysetup-temp-allocator-size-background-worker=32768"
    "memorysetup-temp-allocator-size-job-worker=262144"
    "memorysetup-temp-allocator-size-preload-manager=33554432"
    "memorysetup-temp-allocator-size-nav-mesh-worker=65536"
    "memorysetup-temp-allocator-size-audio-worker=65536"
    "memorysetup-temp-allocator-size-cloud-worker=32768"
    "memorysetup-temp-allocator-size-gi-baking-worker=262144"
    "memorysetup-temp-allocator-size-gfx=262144"
Refreshing native plugins compatible for Editor in 158.58 ms, found 4 plugins.
Preloading 0 native plugins for Editor in 0.00 ms.
Initialize engine version: 2021.3.11f1 (0a5ca18544bf)
[Subsystems] Discovering subsystems at path C:/Program Files/Unity/Hub/Editor/2021.3.11f1/Editor/Data/Resources/UnitySubsystems
[Subsystems] Discovering subsystems at path C:/Users/Yngve/Documents/GitHub/unity-game/TPD4168 Spilldesign Game/Assets
GfxDevice: creating device client; threaded=0; jobified=0
Direct3D:
    Version:  Direct3D 11.0 [level 11.1]
    Renderer: NVIDIA GeForce GTX 1060 3GB (ID=0x1c02)
    Vendor:   NVIDIA
    VRAM:     2988 MB
    Driver:   30.0.15.1295
Initialize mono
Mono path[0] = 'C:/Program Files/Unity/Hub/Editor/2021.3.11f1/Editor/Data/Managed'
Mono path[1] = 'C:/Program Files/Unity/Hub/Editor/2021.3.11f1/Editor/Data/MonoBleedingEdge/lib/mono/unityjit-win32'
Mono config path = 'C:/Program Files/Unity/Hub/Editor/2021.3.11f1/Editor/Data/MonoBleedingEdge/etc'
Using monoOptions --debugger-agent=transport=dt_socket,embedding=1,server=y,suspend=n,address=127.0.0.1:56464
Begin MonoManager ReloadAssembly
Registering precompiled unity dll's ...
Register platform support module: C:/Program Files/Unity/Hub/Editor/2021.3.11f1/Editor/Data/PlaybackEngines/WindowsStandaloneSupport/UnityEditor.WindowsStandalone.Extensions.dll
Registered in 0.008702 seconds.
Native extension for WindowsStandalone target not found
Refreshing native plugins compatible for Editor in 114.11 ms, found 4 plugins.
Preloading 0 native plugins for Editor in 0.00 ms.
Mono: successfully reloaded assembly
- Completed reload, in  0.783 seconds
Domain Reload Profiling:
	ReloadAssembly (783ms)
		BeginReloadAssembly (86ms)
			ExecutionOrderSort (0ms)
			DisableScriptedObjects (0ms)
			BackupInstance (0ms)
			ReleaseScriptingObjects (0ms)
			CreateAndSetChildDomain (1ms)
		EndReloadAssembly (561ms)
			LoadAssemblies (83ms)
			RebuildTransferFunctionScriptingTraits (0ms)
			SetupTypeCache (118ms)
			ReleaseScriptCaches (0ms)
			RebuildScriptCaches (32ms)
			SetupLoadedEditorAssemblies (350ms)
				LogAssemblyErrors (0ms)
				InitializePlatformSupportModulesInManaged (9ms)
				SetLoadedEditorAssemblies (0ms)
				RefreshPlugins (114ms)
				BeforeProcessingInitializeOnLoad (2ms)
				ProcessInitializeOnLoadAttributes (171ms)
				ProcessInitializeOnLoadMethodAttributes (54ms)
				AfterProcessingInitializeOnLoad (0ms)
				EditorAssembliesLoaded (0ms)
			ExecutionOrderSort2 (0ms)
			AwakeInstancesAfterBackupRestoration (0ms)
Platform modules already initialized, skipping
Registering precompiled user dll's ...
Registered in 0.009122 seconds.
Begin MonoManager ReloadAssembly
Symbol file LoadedFromMemory doesn't match image C:\Users\Yngve\Documents\GitHub\unity-game\TPD4168 Spilldesign Game\Library\PackageCache\com.unity.visualscripting@1.7.8\Editor\VisualScripting.Core\Dependencies\YamlDotNet\Unity.VisualScripting.YamlDotNet.dll
Symbol file LoadedFromMemory doesn't match image C:\Users\Yngve\Documents\GitHub\unity-game\TPD4168 Spilldesign Game\Library\PackageCache\com.unity.visualscripting@1.7.8\Editor\VisualScripting.Core\Dependencies\DotNetZip\Unity.VisualScripting.IonicZip.dll
Native extension for WindowsStandalone target not found
Refreshing native plugins compatible for Editor in 105.62 ms, found 4 plugins.
Preloading 0 native plugins for Editor in 0.00 ms.
Mono: successfully reloaded assembly
- Completed reload, in  1.426 seconds
Domain Reload Profiling:
	ReloadAssembly (1427ms)
		BeginReloadAssembly (134ms)
			ExecutionOrderSort (0ms)
			DisableScriptedObjects (7ms)
			BackupInstance (0ms)
			ReleaseScriptingObjects (0ms)
			CreateAndSetChildDomain (28ms)
		EndReloadAssembly (1151ms)
			LoadAssemblies (99ms)
			RebuildTransferFunctionScriptingTraits (0ms)
			SetupTypeCache (298ms)
			ReleaseScriptCaches (1ms)
			RebuildScriptCaches (78ms)
			SetupLoadedEditorAssemblies (600ms)
				LogAssemblyErrors (0ms)
				InitializePlatformSupportModulesInManaged (6ms)
				SetLoadedEditorAssemblies (0ms)
				RefreshPlugins (106ms)
				BeforeProcessingInitializeOnLoad (136ms)
				ProcessInitializeOnLoadAttributes (292ms)
				ProcessInitializeOnLoadMethodAttributes (51ms)
				AfterProcessingInitializeOnLoad (9ms)
				EditorAssembliesLoaded (0ms)
			ExecutionOrderSort2 (0ms)
			AwakeInstancesAfterBackupRestoration (7ms)
Platform modules already initialized, skipping
========================================================================
Worker process is ready to serve import requests
Launched and connected shader compiler UnityShaderCompiler.exe after 0.05 seconds
Refreshing native plugins compatible for Editor in 0.87 ms, found 4 plugins.
Preloading 0 native plugins for Editor in 0.00 ms.
Unloading 4072 Unused Serialized files (Serialized files now loaded: 0)
Unloading 38 unused Assets / (56.1 KB). Loaded Objects now: 4528.
Memory consumption went from 151.4 MB to 151.3 MB.
Total: 4.257400 ms (FindLiveObjects: 0.485000 ms CreateObjectMapping: 0.157400 ms MarkObjects: 3.523300 ms  DeleteObjects: 0.090300 ms)

AssetImportParameters requested are different than current active one (requested -> active):
  custom:video-decoder-ogg-theora: a1e56fd34408186e4bbccfd4996cb3dc -> 
  custom:container-muxer-webm: aa71ff27fc2769a1b78a27578f13a17b -> 
  custom:container-demuxer-webm: 4f35f7cbe854078d1ac9338744f61a02 -> 
  custom:video-encoder-webm-vp8: eb34c28f22e8b96e1ab97ce403110664 -> 
  custom:audio-encoder-webm-vorbis: bf7c407c2cedff20999df2af8eb42d56 -> 
  custom:framework-win-MediaFoundation: 216162199b28c13a410421893ffa2e32 -> 
  custom:container-demuxer-ogg: 62fdf1f143b41e24485cea50d1cbac27 -> 
  custom:video-decoder-webm-vp8: 9c59270c3fd7afecdb556c50c9e8de78 -> 
  custom:audio-decoder-ogg-vorbis: bf7c407c2cedff20999df2af8eb42d56 -> 
========================================================================
Received Import Request.
  Time since last request: 28869.546966 seconds.
  path: Assets/Sprites/Flat Textures Pack/Textures/Cave_FireGround.png
  artifactKey: Guid(2c3a68b4404445e44bff84d1bb91c1f5) Importer(815301076,1909f56bfc062723c751e8b465ee728b)
Start importing Assets/Sprites/Flat Textures Pack/Textures/Cave_FireGround.png using Guid(2c3a68b4404445e44bff84d1bb91c1f5) Importer(815301076,1909f56bfc062723c751e8b465ee728b)  -> (artifact id: 'bfbcb6a4ae13c715073b15239fbc823b') in 0.187632 seconds 
========================================================================
Received Import Request.
  Time since last request: 0.000033 seconds.
  path: Assets/Sprites/Flat Textures Pack/Textures/Summer_Mud_B.png
  artifactKey: Guid(12cde8a4716b7ba4198829c1cede3e17) Importer(815301076,1909f56bfc062723c751e8b465ee728b)
Start importing Assets/Sprites/Flat Textures Pack/Textures/Summer_Mud_B.png using Guid(12cde8a4716b7ba4198829c1cede3e17) Importer(815301076,1909f56bfc062723c751e8b465ee728b)  -> (artifact id: 'e24de8ee919eb53072deaa4f4bb032da') in 0.039460 seconds 
========================================================================
Received Import Request.
  Time since last request: 0.000050 seconds.
  path: Assets/Sprites/Flat Textures Pack/Textures/Summer_Dirt_A.png
  artifactKey: Guid(14833b0b08b0a6945b0dd4f86360fe01) Importer(815301076,1909f56bfc062723c751e8b465ee728b)
Start importing Assets/Sprites/Flat Textures Pack/Textures/Summer_Dirt_A.png using Guid(14833b0b08b0a6945b0dd4f86360fe01) Importer(815301076,1909f56bfc062723c751e8b465ee728b)  -> (artifact id: 'c478621b9a9b6cbc82ecbff9c66d4c5a') in 0.036374 seconds 
========================================================================
Received Import Request.
  Time since last request: 0.000026 seconds.
  path: Assets/Sprites/Flat Textures Pack/Textures/Summer_Roses.png
  artifactKey: Guid(330b1e96b6c1f3445ba9f4133e803a71) Importer(815301076,1909f56bfc062723c751e8b465ee728b)
Start importing Assets/Sprites/Flat Textures Pack/Textures/Summer_Roses.png using Guid(330b1e96b6c1f3445ba9f4133e803a71) Importer(815301076,1909f56bfc062723c751e8b465ee728b)  -> (artifact id: '41f557ca9e5550dca0f086f655cc5f13') in 0.023853 seconds 
========================================================================
Received Import Request.
  Time since last request: 0.000027 seconds.
  path: Assets/Sprites/Flat Textures Pack/Textures/Winter_Bush.png
  artifactKey: Guid(3afbbf99dc4ba9847ba9e53b8942903c) Importer(815301076,1909f56bfc062723c751e8b465ee728b)
Start importing Assets/Sprites/Flat Textures Pack/Textures/Winter_Bush.png using Guid(3afbbf99dc4ba9847ba9e53b8942903c) Importer(815301076,1909f56bfc062723c751e8b465ee728b)  -> (artifact id: '13a4c87c61698f20c6df55d6a3ecf170') in 0.024882 seconds 
========================================================================
Received Import Request.
  Time since last request: 0.000035 seconds.
  path: Assets/Sprites/Flat Textures Pack/Textures/Desert_Tiles.png
  artifactKey: Guid(7ff4f34c25ccd794ca7398e9f4492282) Importer(815301076,1909f56bfc062723c751e8b465ee728b)
Start importing Assets/Sprites/Flat Textures Pack/Textures/Desert_Tiles.png using Guid(7ff4f34c25ccd794ca7398e9f4492282) Importer(815301076,1909f56bfc062723c751e8b465ee728b)  -> (artifact id: 'fca4606dedf0300f5c69c2466dffd298') in 0.025501 seconds 
========================================================================
Received Import Request.
  Time since last request: 0.000029 seconds.
  path: Assets/Sprites/Flat Textures Pack/Textures/Winter_FrozenGround.png
  artifactKey: Guid(e2acd3ed2fb446544a34b648341c93fd) Importer(815301076,1909f56bfc062723c751e8b465ee728b)
Start importing Assets/Sprites/Flat Textures Pack/Textures/Winter_FrozenGround.png using Guid(e2acd3ed2fb446544a34b648341c93fd) Importer(815301076,1909f56bfc062723c751e8b465ee728b)  -> (artifact id: '22bd8ecee4a9d87c58b87f94b87e7831') in 0.034004 seconds 
========================================================================
Received Import Request.
  Time since last request: 0.000027 seconds.
  path: Assets/Sprites/Flat Textures Pack/Textures/Winter_ce_Cracked_B.png
  artifactKey: Guid(aec36e83e2786ac41afbe9372e4e4067) Importer(815301076,1909f56bfc062723c751e8b465ee728b)
Start importing Assets/Sprites/Flat Textures Pack/Textures/Winter_ce_Cracked_B.png using Guid(aec36e83e2786ac41afbe9372e4e4067) Importer(815301076,1909f56bfc062723c751e8b465ee728b)  -> (artifact id: '6895f02c537df6abc48e567a4cafcc06') in 0.033969 seconds 
========================================================================
Received Import Request.
  Time since last request: 0.000045 seconds.
  path: Assets/Sprites/Flat Textures Pack/Textures/Winter_Flower.png
  artifactKey: Guid(cc7b23b24df12264a97f682f65915163) Importer(815301076,1909f56bfc062723c751e8b465ee728b)
Start importing Assets/Sprites/Flat Textures Pack/Textures/Winter_Flower.png using Guid(cc7b23b24df12264a97f682f65915163) Importer(815301076,1909f56bfc062723c751e8b465ee728b)  -> (artifact id: '5af54f78ddc8732e908e0bc8cdc9abf4') in 0.040945 seconds 
========================================================================
Received Import Request.
  Time since last request: 0.000044 seconds.
  path: Assets/Sprites/Flat Textures Pack/Textures/Water_A.png
  artifactKey: Guid(1946cf558a9d27644a68c2e335ae6df7) Importer(815301076,1909f56bfc062723c751e8b465ee728b)
Start importing Assets/Sprites/Flat Textures Pack/Textures/Water_A.png using Guid(1946cf558a9d27644a68c2e335ae6df7) Importer(815301076,1909f56bfc062723c751e8b465ee728b)  -> (artifact id: 'f340ad0febd42f7c044b132abd5bec14') in 0.025393 seconds 
========================================================================
Received Import Request.
  Time since last request: 0.000028 seconds.
  path: Assets/Sprites/Flat Textures Pack/Textures/Desert_Sand_A.png
  artifactKey: Guid(8970d1266546d104d9e26a1a97f2c74f) Importer(815301076,1909f56bfc062723c751e8b465ee728b)
Start importing Assets/Sprites/Flat Textures Pack/Textures/Desert_Sand_A.png using Guid(8970d1266546d104d9e26a1a97f2c74f) Importer(815301076,1909f56bfc062723c751e8b465ee728b)  -> (artifact id: 'c02c582080de1cbe38785c71cd49c538') in 0.021834 seconds 
========================================================================
Received Import Request.
  Time since last request: 0.000026 seconds.
  path: Assets/Sprites/Flat Textures Pack/Textures/Winter_IceCave.png
  artifactKey: Guid(4a3e8f1cd37ac564f8f0c0a80b080c37) Importer(815301076,1909f56bfc062723c751e8b465ee728b)
Start importing Assets/Sprites/Flat Textures Pack/Textures/Winter_IceCave.png using Guid(4a3e8f1cd37ac564f8f0c0a80b080c37) Importer(815301076,1909f56bfc062723c751e8b465ee728b)  -> (artifact id: '61de0c3d012de0ccce1b7a8f0e8b3163') in 0.027240 seconds 
========================================================================
Received Import Request.
  Time since last request: 0.000026 seconds.
  path: Assets/Sprites/Flat Textures Pack/Textures/Summer_Grass_A.png
  artifactKey: Guid(182a5f5d56040f3489e143cb041f2f10) Importer(815301076,1909f56bfc062723c751e8b465ee728b)
Start importing Assets/Sprites/Flat Textures Pack/Textures/Summer_Grass_A.png using Guid(182a5f5d56040f3489e143cb041f2f10) Importer(815301076,1909f56bfc062723c751e8b465ee728b)  -> (artifact id: '5f93d7c485f5a1194116fd1601fe43f6') in 0.026435 seconds 
========================================================================
Received Import Request.
  Time since last request: 0.000033 seconds.
  path: Assets/Sprites/Flat Textures Pack/Textures/Winter_IceCliff.png
  artifactKey: Guid(e9f0a30aa83fca9418d176218fd919b1) Importer(815301076,1909f56bfc062723c751e8b465ee728b)
Start importing Assets/Sprites/Flat Textures Pack/Textures/Winter_IceCliff.png using Guid(e9f0a30aa83fca9418d176218fd919b1) Importer(815301076,1909f56bfc062723c751e8b465ee728b)  -> (artifact id: '89cf0405ec358094b335fbb3b49c27ad') in 0.026722 seconds 
========================================================================
Received Import Request.
  Time since last request: 0.000030 seconds.
  path: Assets/Sprites/Flat Textures Pack/Textures/Desert_Cliff.png
  artifactKey: Guid(f19def3b08a4bf34da11bd34756ee17f) Importer(815301076,1909f56bfc062723c751e8b465ee728b)
Start importing Assets/Sprites/Flat Textures Pack/Textures/Desert_Cliff.png using Guid(f19def3b08a4bf34da11bd34756ee17f) Importer(815301076,1909f56bfc062723c751e8b465ee728b)  -> (artifact id: '5614c85e2e9760fb40d4ef1e127f1140') in 0.026747 seconds 
========================================================================
Received Import Request.
  Time since last request: 6.586629 seconds.
  path: Assets/Sprites/Flat Textures Pack/Materials/Cave_FireGround.mat
  artifactKey: Guid(058595cb07ad23946a0a151be620489b) Importer(815301076,1909f56bfc062723c751e8b465ee728b)
Start importing Assets/Sprites/Flat Textures Pack/Materials/Cave_FireGround.mat using Guid(058595cb07ad23946a0a151be620489b) Importer(815301076,1909f56bfc062723c751e8b465ee728b)  -> (artifact id: '3240ce3daf0aa1530830731815954a68') in 0.186652 seconds 
========================================================================
Received Import Request.
  Time since last request: 0.000030 seconds.
  path: Assets/Sprites/Flat Textures Pack/Materials/Water_A.mat
  artifactKey: Guid(09b830498de6c894ead635fafa7d6b81) Importer(815301076,1909f56bfc062723c751e8b465ee728b)
Start importing Assets/Sprites/Flat Textures Pack/Materials/Water_A.mat using Guid(09b830498de6c894ead635fafa7d6b81) Importer(815301076,1909f56bfc062723c751e8b465ee728b)  -> (artifact id: 'a931e27c9fba658d61044eb504860f0d') in 0.023270 seconds 
========================================================================
Received Import Request.
  Time since last request: 0.000054 seconds.
  path: Assets/Sprites/Flat Textures Pack/Materials/Water_B.mat
  artifactKey: Guid(077530e0b0a9273408ae4d17c1a1af03) Importer(815301076,1909f56bfc062723c751e8b465ee728b)
Start importing Assets/Sprites/Flat Textures Pack/Materials/Water_B.mat using Guid(077530e0b0a9273408ae4d17c1a1af03) Importer(815301076,1909f56bfc062723c751e8b465ee728b)  -> (artifact id: '00cfcf429a14d666b43d587a66d0e53e') in 0.023971 seconds 
========================================================================
Received Import Request.
  Time since last request: 0.000033 seconds.
  path: Assets/Sprites/Flat Textures Pack/Materials/Summer_Flowers.mat
  artifactKey: Guid(82b3a75aca7ed6f4abe443d8019d9ddb) Importer(815301076,1909f56bfc062723c751e8b465ee728b)
Start importing Assets/Sprites/Flat Textures Pack/Materials/Summer_Flowers.mat using Guid(82b3a75aca7ed6f4abe443d8019d9ddb) Importer(815301076,1909f56bfc062723c751e8b465ee728b)  -> (artifact id: '23d78003acaf545642617ba92f417ff5') in 0.023151 seconds 
========================================================================
Received Import Request.
  Time since last request: 0.000043 seconds.
  path: Assets/Sprites/Flat Textures Pack/Materials/Cave_Spores.mat
  artifactKey: Guid(364df4398afe01c4cbbe3bc100bcfcde) Importer(815301076,1909f56bfc062723c751e8b465ee728b)
Start importing Assets/Sprites/Flat Textures Pack/Materials/Cave_Spores.mat using Guid(364df4398afe01c4cbbe3bc100bcfcde) Importer(815301076,1909f56bfc062723c751e8b465ee728b)  -> (artifact id: 'a5b1d55bb1baca52eef263e2dad45875') in 0.027311 seconds 
========================================================================
Received Import Request.
  Time since last request: 0.000032 seconds.
  path: Assets/Sprites/Flat Textures Pack/Materials/Summer_Rocks.mat
  artifactKey: Guid(b448f0b66ddeb424097cf4c3aede85fd) Importer(815301076,1909f56bfc062723c751e8b465ee728b)
Start importing Assets/Sprites/Flat Textures Pack/Materials/Summer_Rocks.mat using Guid(b448f0b66ddeb424097cf4c3aede85fd) Importer(815301076,1909f56bfc062723c751e8b465ee728b)  -> (artifact id: '5af1e9e90b6691c96e7451cad66de9f9') in 0.021334 seconds 
========================================================================
Received Import Request.
  Time since last request: 0.000040 seconds.
  path: Assets/Sprites/Flat Textures Pack/Materials/Winter_Wall.mat
  artifactKey: Guid(225f4cc257a1e38498996437dc0c3f50) Importer(815301076,1909f56bfc062723c751e8b465ee728b)
Start importing Assets/Sprites/Flat Textures Pack/Materials/Winter_Wall.mat using Guid(225f4cc257a1e38498996437dc0c3f50) Importer(815301076,1909f56bfc062723c751e8b465ee728b)  -> (artifact id: '3728bc8cb62b765f742a383967d3276b') in 0.022940 seconds 
========================================================================
Received Import Request.
  Time since last request: 0.000031 seconds.
  path: Assets/Sprites/Flat Textures Pack/Materials/Water_D.mat
  artifactKey: Guid(3584c50ec7d45f348a5aa57d24bb5737) Importer(815301076,1909f56bfc062723c751e8b465ee728b)
Start importing Assets/Sprites/Flat Textures Pack/Materials/Water_D.mat using Guid(3584c50ec7d45f348a5aa57d24bb5737) Importer(815301076,1909f56bfc062723c751e8b465ee728b)  -> (artifact id: 'f4f2ab8bc44322e1e93b921e5eb2f1d6') in 0.023800 seconds 
========================================================================
Received Import Request.
  Time since last request: 0.000037 seconds.
  path: Assets/Sprites/Flat Textures Pack/Materials/Desert_Bushes.mat
  artifactKey: Guid(a08dad81b78f42e489c9703efc2c1fb0) Importer(815301076,1909f56bfc062723c751e8b465ee728b)
Start importing Assets/Sprites/Flat Textures Pack/Materials/Desert_Bushes.mat using Guid(a08dad81b78f42e489c9703efc2c1fb0) Importer(815301076,1909f56bfc062723c751e8b465ee728b)  -> (artifact id: '61d79d3832a9226ccb74d79658791eb0') in 0.025507 seconds 
========================================================================
Received Import Request.
  Time since last request: 0.000035 seconds.
  path: Assets/Sprites/Flat Textures Pack/Materials/Cave_Poison.mat
  artifactKey: Guid(8c2a02727fd639347bf1e97df0a962b1) Importer(815301076,1909f56bfc062723c751e8b465ee728b)
Start importing Assets/Sprites/Flat Textures Pack/Materials/Cave_Poison.mat using Guid(8c2a02727fd639347bf1e97df0a962b1) Importer(815301076,1909f56bfc062723c751e8b465ee728b)  -> (artifact id: '220b236798c1ae58da9de796730082d1') in 0.023353 seconds 
========================================================================
Received Import Request.
  Time since last request: 0.000050 seconds.
  path: Assets/Sprites/Flat Textures Pack/Materials/Summer_Moss.mat
  artifactKey: Guid(ee8af93f6543af1418cb59d1c38e78be) Importer(815301076,1909f56bfc062723c751e8b465ee728b)
Start importing Assets/Sprites/Flat Textures Pack/Materials/Summer_Moss.mat using Guid(ee8af93f6543af1418cb59d1c38e78be) Importer(815301076,1909f56bfc062723c751e8b465ee728b)  -> (artifact id: 'b33f71e3ce2df1966dc615d74ebba97e') in 0.026624 seconds 
========================================================================
Received Import Request.
  Time since last request: 0.000027 seconds.
  path: Assets/Sprites/Flat Textures Pack/Materials/Summer_Mud_B.mat
  artifactKey: Guid(b4ce1486c4e3c83408feacc4d7497b0c) Importer(815301076,1909f56bfc062723c751e8b465ee728b)
Start importing Assets/Sprites/Flat Textures Pack/Materials/Summer_Mud_B.mat using Guid(b4ce1486c4e3c83408feacc4d7497b0c) Importer(815301076,1909f56bfc062723c751e8b465ee728b)  -> (artifact id: '016da0d5d641bf5b6c9fda74b0831e52') in 0.024508 seconds 
========================================================================
Received Import Request.
  Time since last request: 13.192322 seconds.
  path: Assets/Sprites/2D crawler pack/godot_autotiles/anim_autotile_7.png
  artifactKey: Guid(14b926275c948724b9eb18ef4de49c49) Importer(815301076,1909f56bfc062723c751e8b465ee728b)
Start importing Assets/Sprites/2D crawler pack/godot_autotiles/anim_autotile_7.png using Guid(14b926275c948724b9eb18ef4de49c49) Importer(815301076,1909f56bfc062723c751e8b465ee728b)  -> (artifact id: '3590358fa324d7cf504d7ba115baa131') in 0.036740 seconds 
========================================================================
Received Import Request.
  Time since last request: 0.000037 seconds.
  path: Assets/Sprites/2D crawler pack/godot_autotiles/ground_autotile_20.png
  artifactKey: Guid(a27f926f3cc751a48a401dc706485f93) Importer(815301076,1909f56bfc062723c751e8b465ee728b)
Start importing Assets/Sprites/2D crawler pack/godot_autotiles/ground_autotile_20.png using Guid(a27f926f3cc751a48a401dc706485f93) Importer(815301076,1909f56bfc062723c751e8b465ee728b)  -> (artifact id: '119b712c86e9af809be22de59c5818b1') in 0.025982 seconds 
========================================================================
Received Import Request.
  Time since last request: 0.000041 seconds.
  path: Assets/Sprites/2D crawler pack/godot_autotiles/template_house.png
  artifactKey: Guid(daff18dcbdf96cf4785d0a55c9409902) Importer(815301076,1909f56bfc062723c751e8b465ee728b)
Start importing Assets/Sprites/2D crawler pack/godot_autotiles/template_house.png using Guid(daff18dcbdf96cf4785d0a55c9409902) Importer(815301076,1909f56bfc062723c751e8b465ee728b)  -> (artifact id: '0739d11c1c8d07aaf915f60ef8313355') in 0.022892 seconds 
========================================================================
Received Import Request.
  Time since last request: 0.000044 seconds.
  path: Assets/Sprites/2D crawler pack/godot_autotiles/ground_autotile_30.png
  artifactKey: Guid(349b530bee99ce842b36118af8c20a6d) Importer(815301076,1909f56bfc062723c751e8b465ee728b)
Start importing Assets/Sprites/2D crawler pack/godot_autotiles/ground_autotile_30.png using Guid(349b530bee99ce842b36118af8c20a6d) Importer(815301076,1909f56bfc062723c751e8b465ee728b)  -> (artifact id: 'ded919ca9a7ab5dfb8ea894bd77b3323') in 0.020454 seconds 
========================================================================
Received Import Request.
  Time since last request: 0.000039 seconds.
  path: Assets/Sprites/2D crawler pack/godot_autotiles/ground_dungeon_autotile_4.png
  artifactKey: Guid(6ac3e9774ac03894cbafc874aa46ab74) Importer(815301076,1909f56bfc062723c751e8b465ee728b)
Start importing Assets/Sprites/2D crawler pack/godot_autotiles/ground_dungeon_autotile_4.png using Guid(6ac3e9774ac03894cbafc874aa46ab74) Importer(815301076,1909f56bfc062723c751e8b465ee728b)  -> (artifact id: 'd9488d2778360b6d7fb722ec957f8bb6') in 0.021389 seconds 
========================================================================
Received Import Request.
  Time since last request: 0.000042 seconds.
  path: Assets/Sprites/2D crawler pack/godot_autotiles/wall_dungeon_autotile_14.png
  artifactKey: Guid(96e25e2ace42323479e095ccf0d18fec) Importer(815301076,1909f56bfc062723c751e8b465ee728b)
Start importing Assets/Sprites/2D crawler pack/godot_autotiles/wall_dungeon_autotile_14.png using Guid(96e25e2ace42323479e095ccf0d18fec) Importer(815301076,1909f56bfc062723c751e8b465ee728b)  -> (artifact id: 'f3d3dd392a0c2436e33a9cb56136429f') in 0.020518 seconds 
========================================================================
Received Import Request.
  Time since last request: 0.000027 seconds.
  path: Assets/Sprites/2D crawler pack/godot_autotiles/ground_dungeon_autotile_15.png
  artifactKey: Guid(1aa59edd46dcb8147ab4b39cc5312c62) Importer(815301076,1909f56bfc062723c751e8b465ee728b)
Start importing Assets/Sprites/2D crawler pack/godot_autotiles/ground_dungeon_autotile_15.png using Guid(1aa59edd46dcb8147ab4b39cc5312c62) Importer(815301076,1909f56bfc062723c751e8b465ee728b)  -> (artifact id: 'c9e5b122b1416f11dd83e82928332b69') in 0.021010 seconds 
========================================================================
Received Import Request.
  Time since last request: 0.000027 seconds.
  path: Assets/Sprites/2D crawler pack/godot_autotiles/ground_autotile_21.png
  artifactKey: Guid(5710eeb25a8556c49b3e81d61f7cf830) Importer(815301076,1909f56bfc062723c751e8b465ee728b)
Start importing Assets/Sprites/2D crawler pack/godot_autotiles/ground_autotile_21.png using Guid(5710eeb25a8556c49b3e81d61f7cf830) Importer(815301076,1909f56bfc062723c751e8b465ee728b)  -> (artifact id: '000e225ac2018af8d494ca8738940338') in 0.024957 seconds 
========================================================================
Received Import Request.
  Time since last request: 0.000028 seconds.
  path: Assets/Sprites/2D crawler pack/godot_autotiles/template_wall.png
  artifactKey: Guid(9cf955480d3a3ab4580d50fde1346d09) Importer(815301076,1909f56bfc062723c751e8b465ee728b)
Start importing Assets/Sprites/2D crawler pack/godot_autotiles/template_wall.png using Guid(9cf955480d3a3ab4580d50fde1346d09) Importer(815301076,1909f56bfc062723c751e8b465ee728b)  -> (artifact id: '1ea6c8d23f640f8ffd6683fd3dc9d88e') in 0.020902 seconds 
========================================================================
Received Import Request.
  Time since last request: 0.000032 seconds.
  path: Assets/Sprites/2D crawler pack/godot_autotiles/ground_autotile_13.png
  artifactKey: Guid(b97b1ac60283b724687bbd319ad64839) Importer(815301076,1909f56bfc062723c751e8b465ee728b)
Start importing Assets/Sprites/2D crawler pack/godot_autotiles/ground_autotile_13.png using Guid(b97b1ac60283b724687bbd319ad64839) Importer(815301076,1909f56bfc062723c751e8b465ee728b)  -> (artifact id: '1f90d5fad6cc451a669720f58c488dc0') in 0.022655 seconds 
========================================================================
Received Import Request.
  Time since last request: 0.000034 seconds.
  path: Assets/Sprites/2D crawler pack/godot_autotiles/ground_dungeon_autotile_1.png
  artifactKey: Guid(0a32703500fb35e4cbdf4a6a99937b93) Importer(815301076,1909f56bfc062723c751e8b465ee728b)
Start importing Assets/Sprites/2D crawler pack/godot_autotiles/ground_dungeon_autotile_1.png using Guid(0a32703500fb35e4cbdf4a6a99937b93) Importer(815301076,1909f56bfc062723c751e8b465ee728b)  -> (artifact id: '28cff0517e2a676234f336fd4ae272ee') in 0.021058 seconds 
========================================================================
Received Import Request.
  Time since last request: 0.000035 seconds.
  path: Assets/Sprites/2D crawler pack/godot_autotiles/wall_dungeon_autotile_15.png
  artifactKey: Guid(ed910c8a7a2888f4d9369dad1767a105) Importer(815301076,1909f56bfc062723c751e8b465ee728b)
Start importing Assets/Sprites/2D crawler pack/godot_autotiles/wall_dungeon_autotile_15.png using Guid(ed910c8a7a2888f4d9369dad1767a105) Importer(815301076,1909f56bfc062723c751e8b465ee728b)  -> (artifact id: '2da3f8f9075162632d20afb889717532') in 0.021293 seconds 
========================================================================
Received Import Request.
  Time since last request: 0.000024 seconds.
  path: Assets/Sprites/2D crawler pack/godot_autotiles/template_ground.png
  artifactKey: Guid(79982f936bd26bc409a68eb30f65b6cc) Importer(815301076,1909f56bfc062723c751e8b465ee728b)
Start importing Assets/Sprites/2D crawler pack/godot_autotiles/template_ground.png using Guid(79982f936bd26bc409a68eb30f65b6cc) Importer(815301076,1909f56bfc062723c751e8b465ee728b)  -> (artifact id: '8fd31509004b3bcb3aef1dc2486d6f37') in 0.020552 seconds 
========================================================================
Received Import Request.
  Time since last request: 0.000029 seconds.
  path: Assets/Sprites/2D crawler pack/godot_autotiles/wall_dungeon_autotile_12.png
  artifactKey: Guid(75782d3d560b5544c9e0ff35c41ee5a1) Importer(815301076,1909f56bfc062723c751e8b465ee728b)
Start importing Assets/Sprites/2D crawler pack/godot_autotiles/wall_dungeon_autotile_12.png using Guid(75782d3d560b5544c9e0ff35c41ee5a1) Importer(815301076,1909f56bfc062723c751e8b465ee728b)  -> (artifact id: '09cd380c6222e8a062f4f4150bd3329e') in 0.022566 seconds 
========================================================================
Received Import Request.
  Time since last request: 0.000036 seconds.
  path: Assets/Sprites/2D crawler pack/godot_autotiles/ground_autotile_1.png
  artifactKey: Guid(d27a8c58689ebb04da2c85d5c5da6534) Importer(815301076,1909f56bfc062723c751e8b465ee728b)
Start importing Assets/Sprites/2D crawler pack/godot_autotiles/ground_autotile_1.png using Guid(d27a8c58689ebb04da2c85d5c5da6534) Importer(815301076,1909f56bfc062723c751e8b465ee728b)  -> (artifact id: 'e9db595bb5ce28e9505ef5b8701d7fec') in 0.021827 seconds 
========================================================================
Received Import Request.
  Time since last request: 36.721679 seconds.
  path: Assets/Sprites/Brackeys/2D Mega Pack/Environment/DungeonFrame1.png
  artifactKey: Guid(0f685dbcc39570b47b13c2b8556dab78) Importer(815301076,1909f56bfc062723c751e8b465ee728b)
Start importing Assets/Sprites/Brackeys/2D Mega Pack/Environment/DungeonFrame1.png using Guid(0f685dbcc39570b47b13c2b8556dab78) Importer(815301076,1909f56bfc062723c751e8b465ee728b)  -> (artifact id: 'd628069c67bc93188048b4110e872e97') in 0.050801 seconds 
Editor requested this worker to shutdown with reason: Scaling down because of idle timeout
AssetImportWorker is now disconnected from the server
Process exiting
Exiting without the bug reporter. Application will terminate with return code 0