Using pre-set license
Built from '2021.3/staging' branch; Version is '2021.3.11f1 (0a5ca18544bf) revision 679073'; Using compiler version '192829333'; Build Type 'Release'
OS: 'Windows 10  (10.0.19043) 64bit Professional' Language: 'en' Physical Memory: 16314 MB
BatchMode: 1, IsHumanControllingUs: 0, StartBugReporterOnCrash: 0, Is64bit: 1, IsPro: 1

COMMAND LINE ARGUMENTS:
C:\Program Files\Unity\Hub\Editor\2021.3.11f1\Editor\Unity.exe
-adb2
-batchMode
-noUpm
-name
AssetImportWorker6
-projectPath
C:/Users/Yngve/Documents/GitHub/unity-game/TPD4168 Spilldesign Game
-logFile
Logs/AssetImportWorker6.log
-srvPort
58953
Successfully changed project path to: C:/Users/Yngve/Documents/GitHub/unity-game/TPD4168 Spilldesign Game
C:/Users/Yngve/Documents/GitHub/unity-game/TPD4168 Spilldesign Game
[UnityMemory] Configuration Parameters - Can be set up in boot.config
    "memorysetup-bucket-allocator-granularity=16"
    "memorysetup-bucket-allocator-bucket-count=8"
    "memorysetup-bucket-allocator-block-size=33554432"
    "memorysetup-bucket-allocator-block-count=8"
    "memorysetup-main-allocator-block-size=16777216"
    "memorysetup-thread-allocator-block-size=16777216"
    "memorysetup-gfx-main-allocator-block-size=16777216"
    "memorysetup-gfx-thread-allocator-block-size=16777216"
    "memorysetup-cache-allocator-block-size=4194304"
    "memorysetup-typetree-allocator-block-size=2097152"
    "memorysetup-profiler-bucket-allocator-granularity=16"
    "memorysetup-profiler-bucket-allocator-bucket-count=8"
    "memorysetup-profiler-bucket-allocator-block-size=33554432"
    "memorysetup-profiler-bucket-allocator-block-count=8"
    "memorysetup-profiler-allocator-block-size=16777216"
    "memorysetup-profiler-editor-allocator-block-size=1048576"
    "memorysetup-temp-allocator-size-main=16777216"
    "memorysetup-job-temp-allocator-block-size=2097152"
    "memorysetup-job-temp-allocator-block-size-background=1048576"
    "memorysetup-job-temp-allocator-reduction-small-platforms=262144"
    "memorysetup-temp-allocator-size-background-worker=32768"
    "memorysetup-temp-allocator-size-job-worker=262144"
    "memorysetup-temp-allocator-size-preload-manager=33554432"
    "memorysetup-temp-allocator-size-nav-mesh-worker=65536"
    "memorysetup-temp-allocator-size-audio-worker=65536"
    "memorysetup-temp-allocator-size-cloud-worker=32768"
    "memorysetup-temp-allocator-size-gi-baking-worker=262144"
    "memorysetup-temp-allocator-size-gfx=262144"
Refreshing native plugins compatible for Editor in 108.88 ms, found 4 plugins.
Preloading 0 native plugins for Editor in 0.00 ms.
Initialize engine version: 2021.3.11f1 (0a5ca18544bf)
[Subsystems] Discovering subsystems at path C:/Program Files/Unity/Hub/Editor/2021.3.11f1/Editor/Data/Resources/UnitySubsystems
[Subsystems] Discovering subsystems at path C:/Users/Yngve/Documents/GitHub/unity-game/TPD4168 Spilldesign Game/Assets
GfxDevice: creating device client; threaded=0; jobified=0
Direct3D:
    Version:  Direct3D 11.0 [level 11.1]
    Renderer: NVIDIA GeForce GTX 1060 3GB (ID=0x1c02)
    Vendor:   NVIDIA
    VRAM:     2988 MB
    Driver:   30.0.15.1295
Initialize mono
Mono path[0] = 'C:/Program Files/Unity/Hub/Editor/2021.3.11f1/Editor/Data/Managed'
Mono path[1] = 'C:/Program Files/Unity/Hub/Editor/2021.3.11f1/Editor/Data/MonoBleedingEdge/lib/mono/unityjit-win32'
Mono config path = 'C:/Program Files/Unity/Hub/Editor/2021.3.11f1/Editor/Data/MonoBleedingEdge/etc'
Using monoOptions --debugger-agent=transport=dt_socket,embedding=1,server=y,suspend=n,address=127.0.0.1:56808
Begin MonoManager ReloadAssembly
Registering precompiled unity dll's ...
Register platform support module: C:/Program Files/Unity/Hub/Editor/2021.3.11f1/Editor/Data/PlaybackEngines/WindowsStandaloneSupport/UnityEditor.WindowsStandalone.Extensions.dll
Registered in 0.008287 seconds.
Native extension for WindowsStandalone target not found
Refreshing native plugins compatible for Editor in 105.20 ms, found 4 plugins.
Preloading 0 native plugins for Editor in 0.00 ms.
Mono: successfully reloaded assembly
- Completed reload, in  0.778 seconds
Domain Reload Profiling:
	ReloadAssembly (779ms)
		BeginReloadAssembly (86ms)
			ExecutionOrderSort (0ms)
			DisableScriptedObjects (0ms)
			BackupInstance (0ms)
			ReleaseScriptingObjects (0ms)
			CreateAndSetChildDomain (1ms)
		EndReloadAssembly (559ms)
			LoadAssemblies (83ms)
			RebuildTransferFunctionScriptingTraits (0ms)
			SetupTypeCache (118ms)
			ReleaseScriptCaches (0ms)
			RebuildScriptCaches (32ms)
			SetupLoadedEditorAssemblies (347ms)
				LogAssemblyErrors (0ms)
				InitializePlatformSupportModulesInManaged (9ms)
				SetLoadedEditorAssemblies (0ms)
				RefreshPlugins (105ms)
				BeforeProcessingInitializeOnLoad (2ms)
				ProcessInitializeOnLoadAttributes (173ms)
				ProcessInitializeOnLoadMethodAttributes (58ms)
				AfterProcessingInitializeOnLoad (0ms)
				EditorAssembliesLoaded (0ms)
			ExecutionOrderSort2 (0ms)
			AwakeInstancesAfterBackupRestoration (0ms)
Platform modules already initialized, skipping
Registering precompiled user dll's ...
Registered in 0.009140 seconds.
Begin MonoManager ReloadAssembly
Symbol file LoadedFromMemory doesn't match image C:\Users\Yngve\Documents\GitHub\unity-game\TPD4168 Spilldesign Game\Library\PackageCache\com.unity.visualscripting@1.7.8\Editor\VisualScripting.Core\Dependencies\YamlDotNet\Unity.VisualScripting.YamlDotNet.dll
Symbol file LoadedFromMemory doesn't match image C:\Users\Yngve\Documents\GitHub\unity-game\TPD4168 Spilldesign Game\Library\PackageCache\com.unity.visualscripting@1.7.8\Editor\VisualScripting.Core\Dependencies\DotNetZip\Unity.VisualScripting.IonicZip.dll
Native extension for WindowsStandalone target not found
Refreshing native plugins compatible for Editor in 106.33 ms, found 4 plugins.
Preloading 0 native plugins for Editor in 0.00 ms.
Mono: successfully reloaded assembly
- Completed reload, in  1.380 seconds
Domain Reload Profiling:
	ReloadAssembly (1381ms)
		BeginReloadAssembly (131ms)
			ExecutionOrderSort (0ms)
			DisableScriptedObjects (7ms)
			BackupInstance (0ms)
			ReleaseScriptingObjects (0ms)
			CreateAndSetChildDomain (25ms)
		EndReloadAssembly (1107ms)
			LoadAssemblies (99ms)
			RebuildTransferFunctionScriptingTraits (0ms)
			SetupTypeCache (270ms)
			ReleaseScriptCaches (1ms)
			RebuildScriptCaches (80ms)
			SetupLoadedEditorAssemblies (598ms)
				LogAssemblyErrors (0ms)
				InitializePlatformSupportModulesInManaged (6ms)
				SetLoadedEditorAssemblies (0ms)
				RefreshPlugins (106ms)
				BeforeProcessingInitializeOnLoad (123ms)
				ProcessInitializeOnLoadAttributes (295ms)
				ProcessInitializeOnLoadMethodAttributes (56ms)
				AfterProcessingInitializeOnLoad (11ms)
				EditorAssembliesLoaded (0ms)
			ExecutionOrderSort2 (0ms)
			AwakeInstancesAfterBackupRestoration (7ms)
Platform modules already initialized, skipping
========================================================================
Worker process is ready to serve import requests
Launched and connected shader compiler UnityShaderCompiler.exe after 0.06 seconds
Refreshing native plugins compatible for Editor in 0.85 ms, found 4 plugins.
Preloading 0 native plugins for Editor in 0.00 ms.
Unloading 4072 Unused Serialized files (Serialized files now loaded: 0)
Unloading 38 unused Assets / (56.1 KB). Loaded Objects now: 4528.
Memory consumption went from 151.4 MB to 151.3 MB.
Total: 4.627200 ms (FindLiveObjects: 0.619800 ms CreateObjectMapping: 0.146800 ms MarkObjects: 3.747900 ms  DeleteObjects: 0.109800 ms)

AssetImportParameters requested are different than current active one (requested -> active):
  custom:video-decoder-ogg-theora: a1e56fd34408186e4bbccfd4996cb3dc -> 
  custom:container-muxer-webm: aa71ff27fc2769a1b78a27578f13a17b -> 
  custom:container-demuxer-webm: 4f35f7cbe854078d1ac9338744f61a02 -> 
  custom:video-encoder-webm-vp8: eb34c28f22e8b96e1ab97ce403110664 -> 
  custom:audio-encoder-webm-vorbis: bf7c407c2cedff20999df2af8eb42d56 -> 
  custom:framework-win-MediaFoundation: 216162199b28c13a410421893ffa2e32 -> 
  custom:container-demuxer-ogg: 62fdf1f143b41e24485cea50d1cbac27 -> 
  custom:video-decoder-webm-vp8: 9c59270c3fd7afecdb556c50c9e8de78 -> 
  custom:audio-decoder-ogg-vorbis: bf7c407c2cedff20999df2af8eb42d56 -> 
========================================================================
Received Import Request.
  Time since last request: 29016.665777 seconds.
  path: Assets/Sprites/Brackeys/2D Mega Pack/Environment/Gothic/Door_NoGround.png
  artifactKey: Guid(b6afdeef3687315428a6482abfcd0ad7) Importer(815301076,1909f56bfc062723c751e8b465ee728b)
Start importing Assets/Sprites/Brackeys/2D Mega Pack/Environment/Gothic/Door_NoGround.png using Guid(b6afdeef3687315428a6482abfcd0ad7) Importer(815301076,1909f56bfc062723c751e8b465ee728b)  -> (artifact id: 'c8dc71b5fcd6bf716caee9f1ba6262a9') in 0.172349 seconds 
========================================================================
Received Import Request.
  Time since last request: 18.383407 seconds.
  path: Assets/Sprites/Brackeys/2D Mega Pack/Items & Icons/Stick Figure-like/MissileLauncher.png
  artifactKey: Guid(1cd115f69b34b7940a76942263a95efd) Importer(815301076,1909f56bfc062723c751e8b465ee728b)
Start importing Assets/Sprites/Brackeys/2D Mega Pack/Items & Icons/Stick Figure-like/MissileLauncher.png using Guid(1cd115f69b34b7940a76942263a95efd) Importer(815301076,1909f56bfc062723c751e8b465ee728b)  -> (artifact id: 'dfc3be76410bafd582603d9d7316c561') in 0.027519 seconds 
========================================================================
Received Import Request.
  Time since last request: 0.000035 seconds.
  path: Assets/Sprites/Brackeys/2D Mega Pack/Items & Icons/Stick Figure-like/Wall.png
  artifactKey: Guid(b836a3aaf2866094ca299591bb38572e) Importer(815301076,1909f56bfc062723c751e8b465ee728b)
Start importing Assets/Sprites/Brackeys/2D Mega Pack/Items & Icons/Stick Figure-like/Wall.png using Guid(b836a3aaf2866094ca299591bb38572e) Importer(815301076,1909f56bfc062723c751e8b465ee728b)  -> (artifact id: '8e2a7579a1897612da45f599d5305250') in 0.037878 seconds 
========================================================================
Received Import Request.
  Time since last request: 2.527591 seconds.
  path: Assets/Sprites/Brackeys/2D Mega Pack/Items & Icons/Pixel Art/Coal.png
  artifactKey: Guid(9c5f75faa4c63d4499e6694da108de76) Importer(815301076,1909f56bfc062723c751e8b465ee728b)
Start importing Assets/Sprites/Brackeys/2D Mega Pack/Items & Icons/Pixel Art/Coal.png using Guid(9c5f75faa4c63d4499e6694da108de76) Importer(815301076,1909f56bfc062723c751e8b465ee728b)  -> (artifact id: '1b8aebad8e8a4b3a505c69ff35564e42') in 0.031490 seconds 
========================================================================
Received Import Request.
  Time since last request: 0.000023 seconds.
  path: Assets/Sprites/Brackeys/2D Mega Pack/Items & Icons/Pixel Art/Heart.png
  artifactKey: Guid(222d62d87db5931498bb85845842b0d3) Importer(815301076,1909f56bfc062723c751e8b465ee728b)
Start importing Assets/Sprites/Brackeys/2D Mega Pack/Items & Icons/Pixel Art/Heart.png using Guid(222d62d87db5931498bb85845842b0d3) Importer(815301076,1909f56bfc062723c751e8b465ee728b)  -> (artifact id: '924651c9729acdd4ce90ea5fd4604f18') in 0.026836 seconds 
========================================================================
Received Import Request.
  Time since last request: 0.000029 seconds.
  path: Assets/Sprites/Brackeys/2D Mega Pack/Items & Icons/Pixel Art/Rock.png
  artifactKey: Guid(99bbc83bebbd36849b732a06e55ad60e) Importer(815301076,1909f56bfc062723c751e8b465ee728b)
Start importing Assets/Sprites/Brackeys/2D Mega Pack/Items & Icons/Pixel Art/Rock.png using Guid(99bbc83bebbd36849b732a06e55ad60e) Importer(815301076,1909f56bfc062723c751e8b465ee728b)  -> (artifact id: '61dc7d3d1530b3c9e9c5cc3ac227a23c') in 0.027600 seconds 
========================================================================
Received Import Request.
  Time since last request: 0.000022 seconds.
  path: Assets/Sprites/Brackeys/2D Mega Pack/Items & Icons/Pixel Art/Diamond.png
  artifactKey: Guid(6b3b8ef492edc304f9230dc368e8af5c) Importer(815301076,1909f56bfc062723c751e8b465ee728b)
Start importing Assets/Sprites/Brackeys/2D Mega Pack/Items & Icons/Pixel Art/Diamond.png using Guid(6b3b8ef492edc304f9230dc368e8af5c) Importer(815301076,1909f56bfc062723c751e8b465ee728b)  -> (artifact id: '7157639a017bd6a72f33362892ffb051') in 0.026325 seconds 
========================================================================
Received Import Request.
  Time since last request: 0.000021 seconds.
  path: Assets/Sprites/Brackeys/2D Mega Pack/Items & Icons/Pixel Art/Magic Egg.png
  artifactKey: Guid(e0c7d5a920e98fd47a926292adc0bec7) Importer(815301076,1909f56bfc062723c751e8b465ee728b)
Start importing Assets/Sprites/Brackeys/2D Mega Pack/Items & Icons/Pixel Art/Magic Egg.png using Guid(e0c7d5a920e98fd47a926292adc0bec7) Importer(815301076,1909f56bfc062723c751e8b465ee728b)  -> (artifact id: '11b8fae96a4ad1e49cf527583e144d46') in 0.027175 seconds 
========================================================================
Received Import Request.
  Time since last request: 0.000032 seconds.
  path: Assets/Sprites/Brackeys/2D Mega Pack/Items & Icons/Pixel Art/TheRing.png
  artifactKey: Guid(ec3f5c9d06947e7458e9626551938feb) Importer(815301076,1909f56bfc062723c751e8b465ee728b)
Start importing Assets/Sprites/Brackeys/2D Mega Pack/Items & Icons/Pixel Art/TheRing.png using Guid(ec3f5c9d06947e7458e9626551938feb) Importer(815301076,1909f56bfc062723c751e8b465ee728b)  -> (artifact id: '2dd5c1bc3e6bd89582399e6815f548c7') in 0.028345 seconds 
========================================================================
Received Import Request.
  Time since last request: 0.000039 seconds.
  path: Assets/Sprites/Brackeys/2D Mega Pack/Items & Icons/Pixel Art/Iron.png
  artifactKey: Guid(9e3850ff9c22c0949954069e855a2a44) Importer(815301076,1909f56bfc062723c751e8b465ee728b)
Start importing Assets/Sprites/Brackeys/2D Mega Pack/Items & Icons/Pixel Art/Iron.png using Guid(9e3850ff9c22c0949954069e855a2a44) Importer(815301076,1909f56bfc062723c751e8b465ee728b)  -> (artifact id: '570dcb022dabf28c878b10ed80fcc62a') in 0.025500 seconds 
========================================================================
Received Import Request.
  Time since last request: 0.000025 seconds.
  path: Assets/Sprites/Brackeys/2D Mega Pack/Items & Icons/Pixel Art/Earth.png
  artifactKey: Guid(a34a8f8870f46c04dbe86c7ed173ba1f) Importer(815301076,1909f56bfc062723c751e8b465ee728b)
Start importing Assets/Sprites/Brackeys/2D Mega Pack/Items & Icons/Pixel Art/Earth.png using Guid(a34a8f8870f46c04dbe86c7ed173ba1f) Importer(815301076,1909f56bfc062723c751e8b465ee728b)  -> (artifact id: '10a79b22361d728d5132778a6451e5e6') in 0.024958 seconds 
========================================================================
Received Import Request.
  Time since last request: 4.813936 seconds.
  path: Assets/Sprites/Brackeys/2D Mega Pack/Items & Icons/Minimalistic/Goal.png
  artifactKey: Guid(cc6b5425952bc7544851889cb4d154c6) Importer(815301076,1909f56bfc062723c751e8b465ee728b)
Start importing Assets/Sprites/Brackeys/2D Mega Pack/Items & Icons/Minimalistic/Goal.png using Guid(cc6b5425952bc7544851889cb4d154c6) Importer(815301076,1909f56bfc062723c751e8b465ee728b)  -> (artifact id: 'a89c70d1ea369d2a77d68f1294828735') in 0.035316 seconds 
========================================================================
Received Import Request.
  Time since last request: 2.875760 seconds.
  path: Assets/Sprites/Brackeys/2D Mega Pack/Items & Icons/Grungy/ShotgunShell.png
  artifactKey: Guid(4f2abf352097c5a4196021775f71ab2b) Importer(815301076,1909f56bfc062723c751e8b465ee728b)
Start importing Assets/Sprites/Brackeys/2D Mega Pack/Items & Icons/Grungy/ShotgunShell.png using Guid(4f2abf352097c5a4196021775f71ab2b) Importer(815301076,1909f56bfc062723c751e8b465ee728b)  -> (artifact id: 'ac3f5c97b8e4d3858fe1e9a3b3164a0c') in 0.024039 seconds 
========================================================================
Received Import Request.
  Time since last request: 10.354883 seconds.
  path: Assets/Sprites/Brackeys/2D Mega Pack/Characters/Astronaut.png
  artifactKey: Guid(a0e7f1167efba544bb8d6e3198ae44f9) Importer(815301076,1909f56bfc062723c751e8b465ee728b)
Start importing Assets/Sprites/Brackeys/2D Mega Pack/Characters/Astronaut.png using Guid(a0e7f1167efba544bb8d6e3198ae44f9) Importer(815301076,1909f56bfc062723c751e8b465ee728b)  -> (artifact id: 'f54be81571993760478976d1bd6d40c3') in 0.069088 seconds 
========================================================================
Received Import Request.
  Time since last request: 0.000031 seconds.
  path: Assets/Sprites/Brackeys/2D Mega Pack/Characters/MrPickle.png
  artifactKey: Guid(9caa2d1bf58529846b51604707b587f6) Importer(815301076,1909f56bfc062723c751e8b465ee728b)
Start importing Assets/Sprites/Brackeys/2D Mega Pack/Characters/MrPickle.png using Guid(9caa2d1bf58529846b51604707b587f6) Importer(815301076,1909f56bfc062723c751e8b465ee728b)  -> (artifact id: 'dfd301b677d632884213dadbef1c996e') in 0.035137 seconds 
========================================================================
Received Import Request.
  Time since last request: 9.206526 seconds.
  path: Assets/Sprites/Brackeys/2D Mega Pack/Characters/Fantasy/Commoner.png
  artifactKey: Guid(4ae49494a73ff584099f601cb159abba) Importer(815301076,1909f56bfc062723c751e8b465ee728b)
Start importing Assets/Sprites/Brackeys/2D Mega Pack/Characters/Fantasy/Commoner.png using Guid(4ae49494a73ff584099f601cb159abba) Importer(815301076,1909f56bfc062723c751e8b465ee728b)  -> (artifact id: '6640c176ff632bc15798759d6e21dc1b') in 0.027192 seconds 
========================================================================
Received Import Request.
  Time since last request: 0.000027 seconds.
  path: Assets/Sprites/Brackeys/2D Mega Pack/Characters/Fantasy/Princess.png
  artifactKey: Guid(48cd8048939cc274dae16a9493829244) Importer(815301076,1909f56bfc062723c751e8b465ee728b)
Start importing Assets/Sprites/Brackeys/2D Mega Pack/Characters/Fantasy/Princess.png using Guid(48cd8048939cc274dae16a9493829244) Importer(815301076,1909f56bfc062723c751e8b465ee728b)  -> (artifact id: 'b2f69bae4e81badd69e2f59f1b2a252f') in 0.023786 seconds 
Editor requested this worker to shutdown with reason: Scaling down because of idle timeout
AssetImportWorker is now disconnected from the server
Process exiting
Exiting without the bug reporter. Application will terminate with return code 0